Build started 12.04.2016 16:44:19.
     1>Project "C:\Users\User\Documents\Visual Studio 2012\Projects\minesweeper\minesweeper\minesweeper.vcxproj" on node 2 (Build target(s)).
     1>ClCompile:
         C:\Program Files (x86)\Microsoft Visual Studio 11.0\VC\bin\CL.exe /c /I"D:\SFML-2.3.1\include" /Zi /nologo /W3 /WX- /O2 /Oi /Oy- /GL /D SFML_STATIC /D WIN32 /D NDEBUG /D _WINDOWS /D _UNICODE /D UNICODE /Gm- /EHsc /MD /GS /Gy /fp:precise /Zc:wchar_t /Zc:forScope /Fo"Release\\" /Fd"Release\vc110.pdb" /Gd /TP /analyze- /errorReport:prompt cell.cpp
         cell.cpp
     1>c:\users\user\documents\visual studio 2012\projects\minesweeper\minesweeper\some_structures.h(10): warning C4099: 'sprite' : type name first seen using 'class' now seen using 'struct'
                 c:\users\user\documents\visual studio 2012\projects\minesweeper\minesweeper\tooltip.h(44) : see declaration of 'sprite'
     1>cell.cpp(30): warning C4244: 'argument' : conversion from 'float' to 'int', possible loss of data
     1>cell.cpp(36): warning C4244: '=' : conversion from 'float' to 'sf::Uint8', possible loss of data
     1>cell.cpp(55): warning C4244: '=' : conversion from 'float' to 'sf::Uint8', possible loss of data
     1>cell.cpp(59): warning C4305: 'initializing' : truncation from 'double' to 'const float'
     1>cell.cpp(61): warning C4244: 'initializing' : conversion from 'double' to 'float', possible loss of data
     1>cell.cpp(158): warning C4244: 'argument' : conversion from 'float' to 'int', possible loss of data
     1>cell.cpp(160): warning C4244: 'argument' : conversion from 'float' to 'int', possible loss of data
     1>cell.cpp(164): warning C4244: 'argument' : conversion from 'float' to 'int', possible loss of data
     1>cell.cpp(171): warning C4244: 'argument' : conversion from 'int' to 'float', possible loss of data
     1>cell.cpp(180): warning C4244: 'argument' : conversion from 'int' to 'float', possible loss of data
       Link:
         C:\Program Files (x86)\Microsoft Visual Studio 11.0\VC\bin\link.exe /ERRORREPORT:PROMPT /OUT:"C:\Users\User\Documents\Visual Studio 2012\Projects\minesweeper\Release\minesweeper.exe" /INCREMENTAL:NO /NOLOGO /LIBPATH:"D:\SFML-2.3.1\lib" "sfml-graphics-s.lib" "sfml-window-s.lib" "sfml-system-s.lib" "sfml-audio-s.lib" "sfml-main.lib" opengl32.lib winmm.lib gdi32.lib freetype.lib jpeg.lib openal32.lib flac.lib vorbisenc.lib vorbisfile.lib vorbis.lib ogg.lib kernel32.lib user32.lib gdi32.lib winspool.lib comdlg32.lib advapi32.lib shell32.lib ole32.lib oleaut32.lib uuid.lib odbc32.lib odbccp32.lib /MANIFEST /MANIFESTUAC:"level='asInvoker' uiAccess='false'" /manifest:embed /DEBUG /PDB:"C:\Users\User\Documents\Visual Studio 2012\Projects\minesweeper\Release\minesweeper.pdb" /SUBSYSTEM:WINDOWS /OPT:REF /OPT:ICF /LTCG /TLBID:1 /DYNAMICBASE /NXCOMPAT /IMPLIB:"C:\Users\User\Documents\Visual Studio 2012\Projects\minesweeper\Release\minesweeper.lib" /MACHINE:X86 /SAFESEH Release\animation.obj
         Release\button_init.obj
         Release\button_update.obj
         Release\cell.obj
         Release\common_functions.obj
         Release\empty.obj
         Release\field_load.obj
         Release\field_update.obj
         Release\field_utility.obj
         Release\func_pointers.obj
         Release\Game.obj
         Release\history_of_attempt.obj
         Release\hot_vars.obj
         Release\input.obj
         Release\main.obj
         Release\o_button.obj
         Release\o_control.obj
         Release\o_field.obj
         Release\quad.obj
         Release\read_write.obj
         Release\save.obj
         Release\slau.obj
         Release\some_structures.obj
         Release\space.obj
         Release\table_stat.obj
         Release\tooltip.obj
         Generating code
     1>c:\users\user\documents\visual studio 2012\projects\minesweeper\minesweeper\common_functions.cpp(28): warning C4715: 'get_command' : not all control paths return a value
         Finished generating code
         minesweeper.vcxproj -> C:\Users\User\Documents\Visual Studio 2012\Projects\minesweeper\Release\minesweeper.exe
     1>Done Building Project "C:\Users\User\Documents\Visual Studio 2012\Projects\minesweeper\minesweeper\minesweeper.vcxproj" (Build target(s)).

Build succeeded.

Time Elapsed 00:00:11.47
