Build started 06.04.2016 14:39:29.
     1>Project "C:\Users\User\Documents\Visual Studio 2012\Projects\minesweeper\minesweeper\minesweeper.vcxproj" on node 2 (Build target(s)).
     1>ClCompile:
         C:\Program Files (x86)\Microsoft Visual Studio 11.0\VC\bin\CL.exe /c /I"D:\SFML-2.3.1\include" /ZI /nologo /W3 /WX- /Od /Oy- /D WIN32 /D _DEBUG /D _WINDOWS /D _UNICODE /D UNICODE /Gm /EHsc /RTC1 /MDd /GS /fp:precise /Zc:wchar_t /Zc:forScope /Fo"Debug\\" /Fd"Debug\vc110.pdb" /Gd /TP /analyze- /errorReport:prompt Game.cpp animation.cpp button_init.cpp button_update.cpp cell.cpp empty.cpp field_load.cpp field_update.cpp field_utility.cpp func_pointers.cpp hot_vars.cpp o_button.cpp o_control.cpp o_field.cpp save.cpp some_structures.cpp space.cpp table_stat.cpp tooltip.cpp
         tooltip.cpp
     1>c:\users\user\documents\visual studio 2012\projects\minesweeper\minesweeper\some_structures.h(10): warning C4099: 'sprite' : type name first seen using 'class' now seen using 'struct'
                 c:\users\user\documents\visual studio 2012\projects\minesweeper\minesweeper\tooltip.h(44) : see declaration of 'sprite'
     1>c:\users\user\documents\visual studio 2012\projects\minesweeper\minesweeper\tooltip.cpp(43): warning C4244: 'argument' : conversion from 'float' to 'int', possible loss of data
         table_stat.cpp
     1>c:\users\user\documents\visual studio 2012\projects\minesweeper\minesweeper\some_structures.h(10): warning C4099: 'sprite' : type name first seen using 'class' now seen using 'struct'
                 c:\users\user\documents\visual studio 2012\projects\minesweeper\minesweeper\tooltip.h(44) : see declaration of 'sprite'
     1>c:\users\user\documents\visual studio 2012\projects\minesweeper\minesweeper\table_stat.cpp(31): warning C4244: 'initializing' : conversion from 'double' to 'int', possible loss of data
     1>c:\users\user\documents\visual studio 2012\projects\minesweeper\minesweeper\table_stat.cpp(32): warning C4244: 'initializing' : conversion from 'double' to 'int', possible loss of data
     1>c:\users\user\documents\visual studio 2012\projects\minesweeper\minesweeper\table_stat.cpp(33): warning C4244: 'initializing' : conversion from 'double' to 'int', possible loss of data
     1>c:\users\user\documents\visual studio 2012\projects\minesweeper\minesweeper\table_stat.cpp(34): warning C4244: 'initializing' : conversion from 'double' to 'int', possible loss of data
     1>c:\users\user\documents\visual studio 2012\projects\minesweeper\minesweeper\table_stat.cpp(66): warning C4244: 'argument' : conversion from 'int' to 'float', possible loss of data
     1>c:\users\user\documents\visual studio 2012\projects\minesweeper\minesweeper\table_stat.cpp(71): warning C4244: 'argument' : conversion from 'int' to 'float', possible loss of data
     1>c:\users\user\documents\visual studio 2012\projects\minesweeper\minesweeper\table_stat.cpp(83): warning C4018: '<' : signed/unsigned mismatch
     1>c:\users\user\documents\visual studio 2012\projects\minesweeper\minesweeper\table_stat.cpp(89): warning C4244: 'argument' : conversion from 'int' to 'float', possible loss of data
     1>c:\users\user\documents\visual studio 2012\projects\minesweeper\minesweeper\table_stat.cpp(92): warning C4244: 'argument' : conversion from 'int' to 'float', possible loss of data
     1>c:\users\user\documents\visual studio 2012\projects\minesweeper\minesweeper\table_stat.cpp(95): warning C4244: 'argument' : conversion from 'int' to 'float', possible loss of data
     1>c:\users\user\documents\visual studio 2012\projects\minesweeper\minesweeper\table_stat.cpp(123): warning C4244: 'argument' : conversion from 'int' to 'float', possible loss of data
     1>c:\users\user\documents\visual studio 2012\projects\minesweeper\minesweeper\table_stat.cpp(123): warning C4244: 'argument' : conversion from 'const int' to 'float', possible loss of data
     1>c:\users\user\documents\visual studio 2012\projects\minesweeper\minesweeper\table_stat.cpp(124): warning C4996: 'sprintf': This function or variable may be unsafe. Consider using sprintf_s instead. To disable deprecation, use _CRT_SECURE_NO_WARNINGS. See online help for details.
                 c:\program files (x86)\microsoft visual studio 11.0\vc\include\stdio.h(357) : see declaration of 'sprintf'
     1>c:\users\user\documents\visual studio 2012\projects\minesweeper\minesweeper\table_stat.cpp(128): warning C4244: 'argument' : conversion from 'int' to 'float', possible loss of data
     1>c:\users\user\documents\visual studio 2012\projects\minesweeper\minesweeper\table_stat.cpp(128): warning C4244: 'argument' : conversion from 'const int' to 'float', possible loss of data
     1>c:\users\user\documents\visual studio 2012\projects\minesweeper\minesweeper\table_stat.cpp(129): warning C4996: 'sprintf': This function or variable may be unsafe. Consider using sprintf_s instead. To disable deprecation, use _CRT_SECURE_NO_WARNINGS. See online help for details.
                 c:\program files (x86)\microsoft visual studio 11.0\vc\include\stdio.h(357) : see declaration of 'sprintf'
     1>c:\users\user\documents\visual studio 2012\projects\minesweeper\minesweeper\table_stat.cpp(133): warning C4244: 'argument' : conversion from 'int' to 'float', possible loss of data
     1>c:\users\user\documents\visual studio 2012\projects\minesweeper\minesweeper\table_stat.cpp(135): warning C4996: 'sprintf': This function or variable may be unsafe. Consider using sprintf_s instead. To disable deprecation, use _CRT_SECURE_NO_WARNINGS. See online help for details.
                 c:\program files (x86)\microsoft visual studio 11.0\vc\include\stdio.h(357) : see declaration of 'sprintf'
     1>c:\users\user\documents\visual studio 2012\projects\minesweeper\minesweeper\table_stat.cpp(141): warning C4244: 'argument' : conversion from 'int' to 'float', possible loss of data
     1>c:\users\user\documents\visual studio 2012\projects\minesweeper\minesweeper\table_stat.cpp(141): warning C4244: 'argument' : conversion from 'const int' to 'float', possible loss of data
     1>c:\users\user\documents\visual studio 2012\projects\minesweeper\minesweeper\table_stat.cpp(142): warning C4996: 'sprintf': This function or variable may be unsafe. Consider using sprintf_s instead. To disable deprecation, use _CRT_SECURE_NO_WARNINGS. See online help for details.
                 c:\program files (x86)\microsoft visual studio 11.0\vc\include\stdio.h(357) : see declaration of 'sprintf'
     1>c:\users\user\documents\visual studio 2012\projects\minesweeper\minesweeper\table_stat.cpp(156): warning C4244: 'argument' : conversion from 'int' to 'float', possible loss of data
     1>c:\users\user\documents\visual studio 2012\projects\minesweeper\minesweeper\table_stat.cpp(160): warning C4244: 'argument' : conversion from 'int' to 'float', possible loss of data
     1>c:\users\user\documents\visual studio 2012\projects\minesweeper\minesweeper\table_stat.cpp(164): warning C4244: 'argument' : conversion from 'int' to 'float', possible loss of data
     1>c:\users\user\documents\visual studio 2012\projects\minesweeper\minesweeper\table_stat.cpp(174): warning C4996: 'sprintf': This function or variable may be unsafe. Consider using sprintf_s instead. To disable deprecation, use _CRT_SECURE_NO_WARNINGS. See online help for details.
                 c:\program files (x86)\microsoft visual studio 11.0\vc\include\stdio.h(357) : see declaration of 'sprintf'
     1>c:\users\user\documents\visual studio 2012\projects\minesweeper\minesweeper\table_stat.cpp(176): warning C4244: 'argument' : conversion from 'const int' to 'float', possible loss of data
     1>c:\users\user\documents\visual studio 2012\projects\minesweeper\minesweeper\table_stat.cpp(179): warning C4996: 'sprintf': This function or variable may be unsafe. Consider using sprintf_s instead. To disable deprecation, use _CRT_SECURE_NO_WARNINGS. See online help for details.
                 c:\program files (x86)\microsoft visual studio 11.0\vc\include\stdio.h(357) : see declaration of 'sprintf'
     1>c:\users\user\documents\visual studio 2012\projects\minesweeper\minesweeper\table_stat.cpp(181): warning C4244: 'argument' : conversion from 'const int' to 'float', possible loss of data
     1>c:\users\user\documents\visual studio 2012\projects\minesweeper\minesweeper\table_stat.cpp(181): warning C4244: 'argument' : conversion from 'int' to 'float', possible loss of data
     1>c:\users\user\documents\visual studio 2012\projects\minesweeper\minesweeper\table_stat.cpp(185): warning C4996: 'sprintf': This function or variable may be unsafe. Consider using sprintf_s instead. To disable deprecation, use _CRT_SECURE_NO_WARNINGS. See online help for details.
                 c:\program files (x86)\microsoft visual studio 11.0\vc\include\stdio.h(357) : see declaration of 'sprintf'
     1>c:\users\user\documents\visual studio 2012\projects\minesweeper\minesweeper\table_stat.cpp(187): warning C4244: 'argument' : conversion from 'const int' to 'float', possible loss of data
     1>c:\users\user\documents\visual studio 2012\projects\minesweeper\minesweeper\table_stat.cpp(190): warning C4996: 'sprintf': This function or variable may be unsafe. Consider using sprintf_s instead. To disable deprecation, use _CRT_SECURE_NO_WARNINGS. See online help for details.
                 c:\program files (x86)\microsoft visual studio 11.0\vc\include\stdio.h(357) : see declaration of 'sprintf'
     1>c:\users\user\documents\visual studio 2012\projects\minesweeper\minesweeper\table_stat.cpp(192): warning C4244: 'argument' : conversion from 'const int' to 'float', possible loss of data
     1>c:\users\user\documents\visual studio 2012\projects\minesweeper\minesweeper\table_stat.cpp(192): warning C4244: 'argument' : conversion from 'int' to 'float', possible loss of data
     1>c:\users\user\documents\visual studio 2012\projects\minesweeper\minesweeper\table_stat.cpp(196): warning C4996: 'sprintf': This function or variable may be unsafe. Consider using sprintf_s instead. To disable deprecation, use _CRT_SECURE_NO_WARNINGS. See online help for details.
                 c:\program files (x86)\microsoft visual studio 11.0\vc\include\stdio.h(357) : see declaration of 'sprintf'
     1>c:\users\user\documents\visual studio 2012\projects\minesweeper\minesweeper\table_stat.cpp(198): warning C4244: 'argument' : conversion from 'const int' to 'float', possible loss of data
     1>c:\users\user\documents\visual studio 2012\projects\minesweeper\minesweeper\table_stat.cpp(201): warning C4996: 'sprintf': This function or variable may be unsafe. Consider using sprintf_s instead. To disable deprecation, use _CRT_SECURE_NO_WARNINGS. See online help for details.
                 c:\program files (x86)\microsoft visual studio 11.0\vc\include\stdio.h(357) : see declaration of 'sprintf'
     1>c:\users\user\documents\visual studio 2012\projects\minesweeper\minesweeper\table_stat.cpp(203): warning C4244: 'argument' : conversion from 'const int' to 'float', possible loss of data
     1>c:\users\user\documents\visual studio 2012\projects\minesweeper\minesweeper\table_stat.cpp(203): warning C4244: 'argument' : conversion from 'int' to 'float', possible loss of data
     1>c:\users\user\documents\visual studio 2012\projects\minesweeper\minesweeper\table_stat.cpp(210): warning C4244: 'argument' : conversion from 'int' to 'float', possible loss of data
     1>c:\users\user\documents\visual studio 2012\projects\minesweeper\minesweeper\some_structures.h(120): warning C4244: '-=' : conversion from 'double' to 'float', possible loss of data
                 c:\users\user\documents\visual studio 2012\projects\minesweeper\minesweeper\some_structures.h(112) : while compiling class template member function 'void text_one_type<T>::set_pos(sf::Vector2f)'
                 with
                 [
                     T=std::string
                 ]
                 c:\users\user\documents\visual studio 2012\projects\minesweeper\minesweeper\some_structures.h(103) : see reference to function template instantiation 'void text_one_type<T>::set_pos(sf::Vector2f)' being compiled
                 with
                 [
                     T=std::string
                 ]
                 c:\users\user\documents\visual studio 2012\projects\minesweeper\minesweeper\table_stat.cpp(111) : see reference to class template instantiation 'text_one_type<T>' being compiled
                 with
                 [
                     T=std::string
                 ]
     1>c:\users\user\documents\visual studio 2012\projects\minesweeper\minesweeper\some_structures.h(139): warning C4244: '-=' : conversion from 'double' to 'float', possible loss of data
                 c:\users\user\documents\visual studio 2012\projects\minesweeper\minesweeper\some_structures.h(129) : while compiling class template member function 'void text_one_type<T>::set_inf_value(T)'
                 with
                 [
                     T=std::string
                 ]
                 c:\users\user\documents\visual studio 2012\projects\minesweeper\minesweeper\table_stat.cpp(125) : see reference to function template instantiation 'void text_one_type<T>::set_inf_value(T)' being compiled
                 with
                 [
                     T=std::string
                 ]
         save.cpp
     1>c:\users\user\documents\visual studio 2012\projects\minesweeper\minesweeper\save.cpp(8): warning C4996: 'fopen': This function or variable may be unsafe. Consider using fopen_s instead. To disable deprecation, use _CRT_SECURE_NO_WARNINGS. See online help for details.
                 c:\program files (x86)\microsoft visual studio 11.0\vc\include\stdio.h(218) : see declaration of 'fopen'
     1>c:\users\user\documents\visual studio 2012\projects\minesweeper\minesweeper\save.cpp(71): warning C4996: 'fopen': This function or variable may be unsafe. Consider using fopen_s instead. To disable deprecation, use _CRT_SECURE_NO_WARNINGS. See online help for details.
                 c:\program files (x86)\microsoft visual studio 11.0\vc\include\stdio.h(218) : see declaration of 'fopen'
         o_field.cpp
     1>c:\users\user\documents\visual studio 2012\projects\minesweeper\minesweeper\some_structures.h(10): warning C4099: 'sprite' : type name first seen using 'class' now seen using 'struct'
                 c:\users\user\documents\visual studio 2012\projects\minesweeper\minesweeper\tooltip.h(44) : see declaration of 'sprite'
         o_button.cpp
     1>c:\users\user\documents\visual studio 2012\projects\minesweeper\minesweeper\some_structures.h(10): warning C4099: 'sprite' : type name first seen using 'class' now seen using 'struct'
                 c:\users\user\documents\visual studio 2012\projects\minesweeper\minesweeper\tooltip.h(44) : see declaration of 'sprite'
     1>c:\users\user\documents\visual studio 2012\projects\minesweeper\minesweeper\o_button.h(21): warning C4244: 'argument' : conversion from 'int' to 'float', possible loss of data
     1>c:\users\user\documents\visual studio 2012\projects\minesweeper\minesweeper\o_button.h(27): warning C4244: 'argument' : conversion from 'int' to 'float', possible loss of data
     1>c:\users\user\documents\visual studio 2012\projects\minesweeper\minesweeper\o_button.cpp(23): warning C4244: 'argument' : conversion from 'int' to 'float', possible loss of data
     1>c:\users\user\documents\visual studio 2012\projects\minesweeper\minesweeper\o_button.cpp(33): warning C4244: 'argument' : conversion from 'int' to 'float', possible loss of data
     1>c:\users\user\documents\visual studio 2012\projects\minesweeper\minesweeper\o_button.cpp(38): warning C4244: 'argument' : conversion from 'int' to 'float', possible loss of data
     1>c:\users\user\documents\visual studio 2012\projects\minesweeper\minesweeper\o_button.cpp(43): warning C4244: 'argument' : conversion from 'int' to 'float', possible loss of data
     1>c:\users\user\documents\visual studio 2012\projects\minesweeper\minesweeper\o_button.cpp(61): warning C4244: 'argument' : conversion from 'int' to 'float', possible loss of data
     1>c:\users\user\documents\visual studio 2012\projects\minesweeper\minesweeper\o_button.cpp(64): warning C4005: 'tmp' : macro redefinition
                 c:\users\user\documents\visual studio 2012\projects\minesweeper\minesweeper\o_button.cpp(49) : see previous definition of 'tmp'
     1>c:\users\user\documents\visual studio 2012\projects\minesweeper\minesweeper\o_button.cpp(67): warning C4005: 'tmp1' : macro redefinition
                 c:\users\user\documents\visual studio 2012\projects\minesweeper\minesweeper\o_button.cpp(52) : see previous definition of 'tmp1'
     1>c:\users\user\documents\visual studio 2012\projects\minesweeper\minesweeper\o_button.cpp(73): warning C4244: 'argument' : conversion from 'int' to 'float', possible loss of data
     1>c:\users\user\documents\visual studio 2012\projects\minesweeper\minesweeper\o_button.cpp(84): warning C4244: 'argument' : conversion from 'int' to 'float', possible loss of data
     1>c:\users\user\documents\visual studio 2012\projects\minesweeper\minesweeper\o_button.cpp(85): warning C4244: 'argument' : conversion from 'int' to 'float', possible loss of data
     1>c:\users\user\documents\visual studio 2012\projects\minesweeper\minesweeper\o_button.cpp(106): warning C4244: '=' : conversion from 'int' to 'float', possible loss of data
     1>c:\users\user\documents\visual studio 2012\projects\minesweeper\minesweeper\o_button.cpp(107): warning C4244: '=' : conversion from 'int' to 'float', possible loss of data
     1>c:\users\user\documents\visual studio 2012\projects\minesweeper\minesweeper\o_button.cpp(109): warning C4244: '=' : conversion from 'int' to 'float', possible loss of data
     1>c:\users\user\documents\visual studio 2012\projects\minesweeper\minesweeper\o_button.cpp(110): warning C4244: '=' : conversion from 'int' to 'float', possible loss of data
         hot_vars.cpp
         field_utility.cpp
     1>c:\users\user\documents\visual studio 2012\projects\minesweeper\minesweeper\some_structures.h(10): warning C4099: 'sprite' : type name first seen using 'class' now seen using 'struct'
                 c:\users\user\documents\visual studio 2012\projects\minesweeper\minesweeper\tooltip.h(44) : see declaration of 'sprite'
     1>c:\program files (x86)\windows kits\8.0\include\um\wingdi.h(114): warning C4005: 'ERROR' : macro redefinition
                 c:\users\user\documents\visual studio 2012\projects\minesweeper\minesweeper\main_header.h(70) : see previous definition of 'ERROR'
     1>c:\users\user\documents\visual studio 2012\projects\minesweeper\minesweeper\field_utility.cpp(518): warning C4244: 'argument' : conversion from 'double' to 'float', possible loss of data
     1>c:\users\user\documents\visual studio 2012\projects\minesweeper\minesweeper\field_utility.cpp(518): warning C4305: 'argument' : truncation from 'double' to 'float'
     1>c:\users\user\documents\visual studio 2012\projects\minesweeper\minesweeper\field_utility.cpp(519): warning C4244: 'argument' : conversion from 'double' to 'float', possible loss of data
     1>c:\users\user\documents\visual studio 2012\projects\minesweeper\minesweeper\field_utility.cpp(528): warning C4244: '+=' : conversion from 'sf::Int64' to 'int', possible loss of data
     1>c:\users\user\documents\visual studio 2012\projects\minesweeper\minesweeper\field_utility.cpp(612): warning C4244: 'argument' : conversion from 'float' to 'unsigned int', possible loss of data
     1>c:\users\user\documents\visual studio 2012\projects\minesweeper\minesweeper\field_utility.cpp(614): warning C4244: 'argument' : conversion from 'int' to 'float', possible loss of data
     1>c:\users\user\documents\visual studio 2012\projects\minesweeper\minesweeper\field_utility.cpp(621): warning C4244: 'initializing' : conversion from 'double' to 'float', possible loss of data
     1>c:\users\user\documents\visual studio 2012\projects\minesweeper\minesweeper\field_utility.cpp(625): warning C4244: 'argument' : conversion from 'double' to 'float', possible loss of data
     1>c:\users\user\documents\visual studio 2012\projects\minesweeper\minesweeper\field_utility.cpp(636): warning C4244: 'argument' : conversion from 'double' to 'float', possible loss of data
     1>c:\users\user\documents\visual studio 2012\projects\minesweeper\minesweeper\field_utility.cpp(637): warning C4244: 'argument' : conversion from 'double' to 'float', possible loss of data
     1>c:\users\user\documents\visual studio 2012\projects\minesweeper\minesweeper\field_utility.cpp(641): warning C4244: 'argument' : conversion from 'float' to 'unsigned int', possible loss of data
     1>c:\users\user\documents\visual studio 2012\projects\minesweeper\minesweeper\field_utility.cpp(642): warning C4244: 'argument' : conversion from 'int' to 'float', possible loss of data
     1>c:\users\user\documents\visual studio 2012\projects\minesweeper\minesweeper\field_utility.cpp(643): warning C4244: 'argument' : conversion from 'float' to 'unsigned int', possible loss of data
     1>c:\users\user\documents\visual studio 2012\projects\minesweeper\minesweeper\field_utility.cpp(645): warning C4244: 'argument' : conversion from 'float' to 'unsigned int', possible loss of data
     1>c:\users\user\documents\visual studio 2012\projects\minesweeper\minesweeper\field_utility.cpp(646): warning C4244: 'argument' : conversion from 'int' to 'float', possible loss of data
     1>c:\users\user\documents\visual studio 2012\projects\minesweeper\minesweeper\field_utility.cpp(647): warning C4244: 'argument' : conversion from 'double' to 'float', possible loss of data
     1>c:\users\user\documents\visual studio 2012\projects\minesweeper\minesweeper\field_utility.cpp(647): warning C4244: 'argument' : conversion from 'int' to 'float', possible loss of data
     1>c:\users\user\documents\visual studio 2012\projects\minesweeper\minesweeper\field_utility.cpp(648): warning C4244: 'argument' : conversion from 'double' to 'float', possible loss of data
     1>c:\users\user\documents\visual studio 2012\projects\minesweeper\minesweeper\some_structures.h(120): warning C4244: '-=' : conversion from 'double' to 'float', possible loss of data
                 c:\users\user\documents\visual studio 2012\projects\minesweeper\minesweeper\some_structures.h(112) : while compiling class template member function 'void text_one_type<T>::set_pos(sf::Vector2f)'
                 with
                 [
                     T=int
                 ]
                 c:\users\user\documents\visual studio 2012\projects\minesweeper\minesweeper\some_structures.h(103) : see reference to function template instantiation 'void text_one_type<T>::set_pos(sf::Vector2f)' being compiled
                 with
                 [
                     T=int
                 ]
                 c:\users\user\documents\visual studio 2012\projects\minesweeper\minesweeper\o_field.h(93) : see reference to class template instantiation 'text_one_type<T>' being compiled
                 with
                 [
                     T=int
                 ]
     1>c:\users\user\documents\visual studio 2012\projects\minesweeper\minesweeper\some_structures.h(139): warning C4244: '-=' : conversion from 'double' to 'float', possible loss of data
                 c:\users\user\documents\visual studio 2012\projects\minesweeper\minesweeper\some_structures.h(129) : while compiling class template member function 'void text_one_type<T>::set_inf_value(T)'
                 with
                 [
                     T=int
                 ]
                 c:\users\user\documents\visual studio 2012\projects\minesweeper\minesweeper\field_utility.cpp(417) : see reference to function template instantiation 'void text_one_type<T>::set_inf_value(T)' being compiled
                 with
                 [
                     T=int
                 ]
         field_update.cpp
     1>c:\users\user\documents\visual studio 2012\projects\minesweeper\minesweeper\some_structures.h(10): warning C4099: 'sprite' : type name first seen using 'class' now seen using 'struct'
                 c:\users\user\documents\visual studio 2012\projects\minesweeper\minesweeper\tooltip.h(44) : see declaration of 'sprite'
     1>c:\users\user\documents\visual studio 2012\projects\minesweeper\minesweeper\field_update.cpp(45): warning C4244: '=' : conversion from 'float' to 'int', possible loss of data
     1>c:\users\user\documents\visual studio 2012\projects\minesweeper\minesweeper\field_update.cpp(46): warning C4244: '=' : conversion from 'int' to 'float', possible loss of data
     1>c:\users\user\documents\visual studio 2012\projects\minesweeper\minesweeper\field_update.cpp(50): warning C4244: '=' : conversion from 'float' to 'int', possible loss of data
     1>c:\users\user\documents\visual studio 2012\projects\minesweeper\minesweeper\field_update.cpp(52): warning C4244: '=' : conversion from 'int' to 'float', possible loss of data
     1>c:\users\user\documents\visual studio 2012\projects\minesweeper\minesweeper\field_update.cpp(60): warning C4244: '-=' : conversion from 'float' to 'int', possible loss of data
     1>c:\users\user\documents\visual studio 2012\projects\minesweeper\minesweeper\field_update.cpp(62): warning C4244: '=' : conversion from 'float' to 'int', possible loss of data
     1>c:\users\user\documents\visual studio 2012\projects\minesweeper\minesweeper\field_update.cpp(66): warning C4244: '-=' : conversion from 'float' to 'int', possible loss of data
     1>c:\users\user\documents\visual studio 2012\projects\minesweeper\minesweeper\field_update.cpp(67): warning C4244: '=' : conversion from 'float' to 'int', possible loss of data
     1>c:\users\user\documents\visual studio 2012\projects\minesweeper\minesweeper\field_update.cpp(76): warning C4244: 'argument' : conversion from 'int' to 'float', possible loss of data
     1>c:\users\user\documents\visual studio 2012\projects\minesweeper\minesweeper\field_update.cpp(91): warning C4244: '=' : conversion from 'int' to 'float', possible loss of data
     1>c:\users\user\documents\visual studio 2012\projects\minesweeper\minesweeper\field_update.cpp(120): warning C4244: 'argument' : conversion from 'float' to 'unsigned int', possible loss of data
     1>c:\users\user\documents\visual studio 2012\projects\minesweeper\minesweeper\field_update.cpp(122): warning C4244: 'argument' : conversion from 'int' to 'float', possible loss of data
     1>c:\users\user\documents\visual studio 2012\projects\minesweeper\minesweeper\field_update.cpp(123): warning C4244: 'argument' : conversion from 'float' to 'unsigned int', possible loss of data
     1>c:\users\user\documents\visual studio 2012\projects\minesweeper\minesweeper\field_update.cpp(125): warning C4244: 'argument' : conversion from 'int' to 'float', possible loss of data
     1>c:\users\user\documents\visual studio 2012\projects\minesweeper\minesweeper\field_update.cpp(147): warning C4244: 'argument' : conversion from 'float' to 'unsigned int', possible loss of data
     1>c:\users\user\documents\visual studio 2012\projects\minesweeper\minesweeper\field_update.cpp(150): warning C4244: 'argument' : conversion from 'int' to 'float', possible loss of data
     1>c:\users\user\documents\visual studio 2012\projects\minesweeper\minesweeper\field_update.cpp(196): warning C4244: 'argument' : conversion from 'float' to 'int', possible loss of data
     1>c:\users\user\documents\visual studio 2012\projects\minesweeper\minesweeper\field_update.cpp(203): warning C4244: 'argument' : conversion from 'float' to 'int', possible loss of data
     1>c:\users\user\documents\visual studio 2012\projects\minesweeper\minesweeper\field_update.cpp(227): warning C4244: 'argument' : conversion from 'float' to 'int', possible loss of data
     1>c:\users\user\documents\visual studio 2012\projects\minesweeper\minesweeper\field_update.cpp(251): warning C4244: 'argument' : conversion from 'float' to 'int', possible loss of data
     1>c:\users\user\documents\visual studio 2012\projects\minesweeper\minesweeper\field_update.cpp(255): warning C4244: '=' : conversion from 'int' to 'float', possible loss of data
     1>c:\users\user\documents\visual studio 2012\projects\minesweeper\minesweeper\field_update.cpp(271): warning C4244: 'argument' : conversion from 'int' to 'float', possible loss of data
     1>c:\users\user\documents\visual studio 2012\projects\minesweeper\minesweeper\field_update.cpp(275): warning C4244: 'argument' : conversion from 'int' to 'float', possible loss of data
     1>c:\users\user\documents\visual studio 2012\projects\minesweeper\minesweeper\field_update.cpp(279): warning C4244: 'argument' : conversion from 'int' to 'float', possible loss of data
     1>c:\users\user\documents\visual studio 2012\projects\minesweeper\minesweeper\field_update.cpp(283): warning C4244: 'argument' : conversion from 'int' to 'float', possible loss of data
     1>c:\users\user\documents\visual studio 2012\projects\minesweeper\minesweeper\field_update.cpp(287): warning C4244: 'argument' : conversion from 'int' to 'float', possible loss of data
     1>c:\users\user\documents\visual studio 2012\projects\minesweeper\minesweeper\field_update.cpp(291): warning C4244: 'argument' : conversion from 'int' to 'float', possible loss of data
     1>c:\users\user\documents\visual studio 2012\projects\minesweeper\minesweeper\field_update.cpp(293): warning C4244: 'argument' : conversion from 'double' to 'float', possible loss of data
         empty.cpp
     1>c:\users\user\documents\visual studio 2012\projects\minesweeper\minesweeper\some_structures.h(10): warning C4099: 'sprite' : type name first seen using 'class' now seen using 'struct'
                 c:\users\user\documents\visual studio 2012\projects\minesweeper\minesweeper\tooltip.h(44) : see declaration of 'sprite'
     1>c:\users\user\documents\visual studio 2012\projects\minesweeper\minesweeper\empty.cpp(105): warning C4244: '=' : conversion from 'double' to 'float', possible loss of data
     1>c:\users\user\documents\visual studio 2012\projects\minesweeper\minesweeper\empty.cpp(124): warning C4305: '=' : truncation from 'double' to 'float'
     1>c:\users\user\documents\visual studio 2012\projects\minesweeper\minesweeper\empty.cpp(138): warning C4244: '=' : conversion from 'double' to 'sf::Uint8', possible loss of data
     1>c:\users\user\documents\visual studio 2012\projects\minesweeper\minesweeper\empty.cpp(145): warning C4244: 'argument' : conversion from 'double' to 'float', possible loss of data
     1>c:\users\user\documents\visual studio 2012\projects\minesweeper\minesweeper\empty.cpp(153): warning C4244: 'argument' : conversion from 'double' to 'float', possible loss of data
     1>c:\users\user\documents\visual studio 2012\projects\minesweeper\minesweeper\some_structures.h(139): warning C4244: '-=' : conversion from 'double' to 'float', possible loss of data
                 c:\users\user\documents\visual studio 2012\projects\minesweeper\minesweeper\some_structures.h(129) : while compiling class template member function 'void text_one_type<T>::set_inf_value(T)'
                 with
                 [
                     T=int
                 ]
                 c:\users\user\documents\visual studio 2012\projects\minesweeper\minesweeper\empty.cpp(52) : see reference to function template instantiation 'void text_one_type<T>::set_inf_value(T)' being compiled
                 with
                 [
                     T=int
                 ]
                 c:\users\user\documents\visual studio 2012\projects\minesweeper\minesweeper\o_field.h(93) : see reference to class template instantiation 'text_one_type<T>' being compiled
                 with
                 [
                     T=int
                 ]
         button_init.cpp
     1>c:\users\user\documents\visual studio 2012\projects\minesweeper\minesweeper\some_structures.h(10): warning C4099: 'sprite' : type name first seen using 'class' now seen using 'struct'
                 c:\users\user\documents\visual studio 2012\projects\minesweeper\minesweeper\tooltip.h(44) : see declaration of 'sprite'
     1>c:\users\user\documents\visual studio 2012\projects\minesweeper\minesweeper\o_button.h(21): warning C4244: 'argument' : conversion from 'int' to 'float', possible loss of data
     1>c:\users\user\documents\visual studio 2012\projects\minesweeper\minesweeper\o_button.h(27): warning C4244: 'argument' : conversion from 'int' to 'float', possible loss of data
     1>c:\users\user\documents\visual studio 2012\projects\minesweeper\minesweeper\button_init.cpp(59): warning C4244: 'argument' : conversion from 'int' to 'float', possible loss of data
     1>c:\users\user\documents\visual studio 2012\projects\minesweeper\minesweeper\button_init.cpp(69): warning C4800: 'int' : forcing value to bool 'true' or 'false' (performance warning)
     1>c:\users\user\documents\visual studio 2012\projects\minesweeper\minesweeper\button_init.cpp(70): warning C4800: 'int' : forcing value to bool 'true' or 'false' (performance warning)
     1>c:\users\user\documents\visual studio 2012\projects\minesweeper\minesweeper\button_init.cpp(76): warning C4101: 'c_str' : unreferenced local variable
         Game.cpp
     1>c:\users\user\documents\visual studio 2012\projects\minesweeper\minesweeper\some_structures.h(10): warning C4099: 'sprite' : type name first seen using 'class' now seen using 'struct'
                 c:\users\user\documents\visual studio 2012\projects\minesweeper\minesweeper\tooltip.h(44) : see declaration of 'sprite'
         Generating Code...
         Compiling...
         field_load.cpp
     1>c:\users\user\documents\visual studio 2012\projects\minesweeper\minesweeper\some_structures.h(10): warning C4099: 'sprite' : type name first seen using 'class' now seen using 'struct'
                 c:\users\user\documents\visual studio 2012\projects\minesweeper\minesweeper\tooltip.h(44) : see declaration of 'sprite'
     1>c:\users\user\documents\visual studio 2012\projects\minesweeper\minesweeper\field_load.cpp(47): warning C4244: 'argument' : conversion from 'int' to 'float', possible loss of data
     1>c:\users\user\documents\visual studio 2012\projects\minesweeper\minesweeper\field_load.cpp(96): warning C4800: 'int' : forcing value to bool 'true' or 'false' (performance warning)
     1>c:\users\user\documents\visual studio 2012\projects\minesweeper\minesweeper\field_load.cpp(97): warning C4800: 'int' : forcing value to bool 'true' or 'false' (performance warning)
         button_update.cpp
     1>c:\users\user\documents\visual studio 2012\projects\minesweeper\minesweeper\some_structures.h(10): warning C4099: 'sprite' : type name first seen using 'class' now seen using 'struct'
                 c:\users\user\documents\visual studio 2012\projects\minesweeper\minesweeper\tooltip.h(44) : see declaration of 'sprite'
     1>c:\users\user\documents\visual studio 2012\projects\minesweeper\minesweeper\o_button.h(21): warning C4244: 'argument' : conversion from 'int' to 'float', possible loss of data
     1>c:\users\user\documents\visual studio 2012\projects\minesweeper\minesweeper\o_button.h(27): warning C4244: 'argument' : conversion from 'int' to 'float', possible loss of data
     1>c:\users\user\documents\visual studio 2012\projects\minesweeper\minesweeper\button_update.cpp(139): warning C4244: '-=' : conversion from 'double' to 'float', possible loss of data
     1>c:\users\user\documents\visual studio 2012\projects\minesweeper\minesweeper\button_update.cpp(140): warning C4305: '+=' : truncation from 'double' to 'float'
         Generating Code...
         Skipping... (no relevant changes detected)
         space.cpp
         some_structures.cpp
         o_control.cpp
         func_pointers.cpp
         cell.cpp
         animation.cpp
       Link:
         C:\Program Files (x86)\Microsoft Visual Studio 11.0\VC\bin\link.exe /ERRORREPORT:PROMPT /OUT:"C:\Users\User\Documents\Visual Studio 2012\Projects\minesweeper\Debug\minesweeper.exe" /INCREMENTAL /NOLOGO /LIBPATH:"D:\SFML-2.3.1\lib" "sfml-graphics-d.lib" "sfml-window-d.lib" "sfml-system-d.lib" "sfml-audio-d.lib" "sfml-main-d.lib" opengl32.lib winmm.lib gdi32.lib freetype.lib jpeg.lib openal32.lib flac.lib vorbisenc.lib vorbisfile.lib vorbis.lib ogg.lib kernel32.lib user32.lib gdi32.lib winspool.lib comdlg32.lib advapi32.lib shell32.lib ole32.lib oleaut32.lib uuid.lib odbc32.lib odbccp32.lib /MANIFEST /MANIFESTUAC:"level='asInvoker' uiAccess='false'" /manifest:embed /DEBUG /PDB:"C:\Users\User\Documents\Visual Studio 2012\Projects\minesweeper\Debug\minesweeper.pdb" /SUBSYSTEM:WINDOWS /TLBID:1 /DYNAMICBASE /NXCOMPAT /IMPLIB:"C:\Users\User\Documents\Visual Studio 2012\Projects\minesweeper\Debug\minesweeper.lib" /MACHINE:X86 Debug\animation.obj
         Debug\button_init.obj
         Debug\button_update.obj
         Debug\cell.obj
         Debug\common_functions.obj
         Debug\empty.obj
         Debug\field_load.obj
         Debug\field_update.obj
         Debug\field_utility.obj
         Debug\func_pointers.obj
         Debug\Game.obj
         Debug\hot_vars.obj
         Debug\input.obj
         Debug\main.obj
         Debug\o_button.obj
         Debug\o_control.obj
         Debug\o_field.obj
         Debug\quad.obj
         Debug\read_write.obj
         Debug\save.obj
         Debug\slau.obj
         Debug\some_structures.obj
         Debug\space.obj
         Debug\table_stat.obj
         Debug\tooltip.obj
     1>sfml-main-d.lib(MainWin32.cpp.obj) : warning LNK4099: PDB 'vc110.pdb' was not found with 'sfml-main-d.lib(MainWin32.cpp.obj)' or at 'C:\Users\User\Documents\Visual Studio 2012\Projects\minesweeper\Debug\vc110.pdb'; linking object as if no debug info
         minesweeper.vcxproj -> C:\Users\User\Documents\Visual Studio 2012\Projects\minesweeper\Debug\minesweeper.exe
     1>Done Building Project "C:\Users\User\Documents\Visual Studio 2012\Projects\minesweeper\minesweeper\minesweeper.vcxproj" (Build target(s)).

Build succeeded.

Time Elapsed 00:00:49.39
